2021-06-15 16:18:10,841 [Worker-3: Loading available Gradle versions] INFO  o.e.b.c.i.u.g.PublishedGradleVersions - Gradle version information cache is up-to-date. Trying to read.
2021-06-15 16:19:32,391 [Worker-3: Import Getting Started Content] INFO  o.e.m.c.i.l.LifecycleMappingFactory - Using org.maven.ide.eclipse.wtp.WarLifecycleMapping lifecycle mapping for MavenProject: com.AssignmentHelloHuman:AssignmentHelloHuman:0.0.1-SNAPSHOT @ C:\Users\BisanCo\Desktop\java\springAssi\AssignmentHelloHuman\AssignmentHelloHuman\pom.xml.
2021-06-15 16:19:34,525 [Worker-3: Import Getting Started Content] INFO  o.e.m.j.i.AbstractJavaProjectConfigurator - Adding source folder /AssignmentHelloHuman/src/main/java
2021-06-15 16:19:34,526 [Worker-3: Import Getting Started Content] INFO  o.e.m.j.i.AbstractJavaProjectConfigurator - Adding resource folder /AssignmentHelloHuman/src/main/resources
2021-06-15 16:19:34,538 [Worker-3: Import Getting Started Content] INFO  o.e.m.j.i.AbstractJavaProjectConfigurator - Adding resource folder /AssignmentHelloHuman/src/main/resources
2021-06-15 16:19:34,560 [Worker-3: Import Getting Started Content] INFO  o.e.m.j.i.AbstractJavaProjectConfigurator - Adding source folder /AssignmentHelloHuman/src/test/java
2021-06-15 16:19:38,446 [Worker-3: Import Getting Started Content] INFO  o.e.m.c.i.p.ProjectConfigurationManager - Imported and configured 1 project(s) in 8 sec
2021-06-15 16:19:38,454 [Worker-3: Import Getting Started Content] INFO  o.e.m.c.i.p.ProjectConfigurationManager - Update started
2021-06-15 16:19:39,660 [Worker-3: Import Getting Started Content] INFO  o.e.m.c.i.l.LifecycleMappingFactory - Using org.maven.ide.eclipse.wtp.WarLifecycleMapping lifecycle mapping for MavenProject: com.AssignmentHelloHuman:AssignmentHelloHuman:0.0.1-SNAPSHOT @ C:\Users\BisanCo\Desktop\java\springAssi\AssignmentHelloHuman\AssignmentHelloHuman\pom.xml.
2021-06-15 16:19:40,926 [Worker-3: Import Getting Started Content] INFO  o.e.m.j.i.AbstractJavaProjectConfigurator - Adding source folder /AssignmentHelloHuman/src/main/java
2021-06-15 16:19:40,927 [Worker-3: Import Getting Started Content] INFO  o.e.m.j.i.AbstractJavaProjectConfigurator - Adding resource folder /AssignmentHelloHuman/src/main/resources
2021-06-15 16:19:40,928 [Worker-3: Import Getting Started Content] INFO  o.e.m.j.i.AbstractJavaProjectConfigurator - Adding resource folder /AssignmentHelloHuman/src/main/resources
2021-06-15 16:19:40,930 [Worker-3: Import Getting Started Content] INFO  o.e.m.j.i.AbstractJavaProjectConfigurator - Adding source folder /AssignmentHelloHuman/src/test/java
2021-06-15 16:19:41,839 [Worker-3: Import Getting Started Content] INFO  o.e.m.w.i.f.ResourceFilteringBuildParticipant - Cleaning filtered folder for AssignmentHelloHuman
2021-06-15 16:19:41,844 [Worker-3: Import Getting Started Content] INFO  o.e.m.c.i.p.ProjectConfigurationManager - Update completed: 3 sec
2021-06-15 16:19:43,260 [Worker-9: Building] INFO  o.e.m.c.i.embedder.EclipseLogger - Using 'UTF-8' encoding to copy filtered resources.
2021-06-15 16:19:43,260 [Worker-9: Building] INFO  o.e.m.c.i.embedder.EclipseLogger - Using 'UTF-8' encoding to copy filtered properties files.
2021-06-15 16:19:43,264 [Worker-9: Building] INFO  o.e.m.c.i.embedder.EclipseLogger - Copying 1 resource
2021-06-15 16:19:43,280 [Worker-9: Building] INFO  o.e.m.c.i.embedder.EclipseLogger - Copying 0 resource
2021-06-15 16:19:43,283 [Worker-9: Building] INFO  o.e.m.c.i.embedder.EclipseLogger - Using 'UTF-8' encoding to copy filtered resources.
2021-06-15 16:19:43,283 [Worker-9: Building] INFO  o.e.m.c.i.embedder.EclipseLogger - Using 'UTF-8' encoding to copy filtered properties files.
2021-06-15 16:19:43,283 [Worker-9: Building] INFO  o.e.m.c.i.embedder.EclipseLogger - skip non existing resourceDirectory C:\Users\BisanCo\Desktop\java\springAssi\AssignmentHelloHuman\AssignmentHelloHuman\src\test\resources
2021-06-15 16:19:43,284 [Worker-9: Building] INFO  o.e.m.w.i.f.ResourceFilteringBuildParticipant - Changed resources require a complete clean of filtered resources of AssignmentHelloHuman
2021-06-15 16:19:43,285 [Worker-9: Building] INFO  o.e.m.w.i.f.ResourceFilteringBuildParticipant - Executing resource filtering for AssignmentHelloHuman
2021-06-15 16:19:43,291 [Worker-9: Building] INFO  o.e.m.c.i.embedder.EclipseLogger - Using 'UTF-8' encoding to copy filtered resources.
2021-06-15 16:19:43,291 [Worker-9: Building] INFO  o.e.m.c.i.embedder.EclipseLogger - Using 'UTF-8' encoding to copy filtered properties files.
2021-06-15 16:19:51,568 [Worker-2: Building] INFO  o.e.m.c.i.embedder.EclipseLogger - Using 'UTF-8' encoding to copy filtered resources.
2021-06-15 16:19:51,569 [Worker-2: Building] INFO  o.e.m.c.i.embedder.EclipseLogger - Using 'UTF-8' encoding to copy filtered properties files.
2021-06-15 16:19:51,570 [Worker-2: Building] INFO  o.e.m.c.i.embedder.EclipseLogger - Copying 0 resource
2021-06-15 16:19:51,571 [Worker-2: Building] INFO  o.e.m.c.i.embedder.EclipseLogger - Copying 0 resource
2021-06-15 16:19:51,574 [Worker-2: Building] INFO  o.e.m.c.i.embedder.EclipseLogger - Using 'UTF-8' encoding to copy filtered resources.
2021-06-15 16:19:51,575 [Worker-2: Building] INFO  o.e.m.c.i.embedder.EclipseLogger - Using 'UTF-8' encoding to copy filtered properties files.
2021-06-15 16:19:51,575 [Worker-2: Building] INFO  o.e.m.c.i.embedder.EclipseLogger - skip non existing resourceDirectory C:\Users\BisanCo\Desktop\java\springAssi\AssignmentHelloHuman\AssignmentHelloHuman\src\test\resources
2021-06-15 16:20:54,953 [Worker-8: Building] INFO  o.e.m.c.i.embedder.EclipseLogger - Using 'UTF-8' encoding to copy filtered resources.
2021-06-15 16:20:54,953 [Worker-8: Building] INFO  o.e.m.c.i.embedder.EclipseLogger - Using 'UTF-8' encoding to copy filtered properties files.
2021-06-15 16:20:54,956 [Worker-8: Building] INFO  o.e.m.c.i.embedder.EclipseLogger - Copying 1 resource
2021-06-15 16:20:54,979 [Worker-8: Building] INFO  o.e.m.c.i.embedder.EclipseLogger - Copying 0 resource
2021-06-15 16:20:54,983 [Worker-8: Building] INFO  o.e.m.c.i.embedder.EclipseLogger - Using 'UTF-8' encoding to copy filtered resources.
2021-06-15 16:20:54,983 [Worker-8: Building] INFO  o.e.m.c.i.embedder.EclipseLogger - Using 'UTF-8' encoding to copy filtered properties files.
2021-06-15 16:20:54,984 [Worker-8: Building] INFO  o.e.m.c.i.embedder.EclipseLogger - skip non existing resourceDirectory C:\Users\BisanCo\Desktop\java\springAssi\AssignmentHelloHuman\AssignmentHelloHuman\src\test\resources
2021-06-15 16:30:17,781 [Worker-12: Launching New_configuration] INFO  o.e.m.c.i.embedder.EclipseLogger - Using 'UTF-8' encoding to copy filtered resources.
2021-06-15 16:30:17,782 [Worker-12: Launching New_configuration] INFO  o.e.m.c.i.embedder.EclipseLogger - Using 'UTF-8' encoding to copy filtered properties files.
2021-06-15 16:30:17,783 [Worker-12: Launching New_configuration] INFO  o.e.m.c.i.embedder.EclipseLogger - Copying 1 resource
2021-06-15 16:30:17,826 [Worker-12: Launching New_configuration] INFO  o.e.m.c.i.embedder.EclipseLogger - Copying 0 resource
2021-06-15 16:30:17,831 [Worker-12: Launching New_configuration] INFO  o.e.m.c.i.embedder.EclipseLogger - Using 'UTF-8' encoding to copy filtered resources.
2021-06-15 16:30:17,831 [Worker-12: Launching New_configuration] INFO  o.e.m.c.i.embedder.EclipseLogger - Using 'UTF-8' encoding to copy filtered properties files.
2021-06-15 16:30:17,831 [Worker-12: Launching New_configuration] INFO  o.e.m.c.i.embedder.EclipseLogger - skip non existing resourceDirectory C:\Users\BisanCo\Desktop\java\springAssi\AssignmentHelloHuman\AssignmentHelloHuman\src\test\resources
2021-06-15 16:31:56,609 [Worker-2: Launching AssignmentHelloHuman - AssignmentHelloHumanApplication] INFO  o.e.m.c.i.embedder.EclipseLogger - Using 'UTF-8' encoding to copy filtered resources.
2021-06-15 16:31:56,609 [Worker-2: Launching AssignmentHelloHuman - AssignmentHelloHumanApplication] INFO  o.e.m.c.i.embedder.EclipseLogger - Using 'UTF-8' encoding to copy filtered properties files.
2021-06-15 16:31:56,611 [Worker-2: Launching AssignmentHelloHuman - AssignmentHelloHumanApplication] INFO  o.e.m.c.i.embedder.EclipseLogger - Copying 1 resource
2021-06-15 16:31:56,645 [Worker-2: Launching AssignmentHelloHuman - AssignmentHelloHumanApplication] INFO  o.e.m.c.i.embedder.EclipseLogger - Copying 0 resource
2021-06-15 16:31:56,649 [Worker-2: Launching AssignmentHelloHuman - AssignmentHelloHumanApplication] INFO  o.e.m.c.i.embedder.EclipseLogger - Using 'UTF-8' encoding to copy filtered resources.
2021-06-15 16:31:56,650 [Worker-2: Launching AssignmentHelloHuman - AssignmentHelloHumanApplication] INFO  o.e.m.c.i.embedder.EclipseLogger - Using 'UTF-8' encoding to copy filtered properties files.
2021-06-15 16:31:56,650 [Worker-2: Launching AssignmentHelloHuman - AssignmentHelloHumanApplication] INFO  o.e.m.c.i.embedder.EclipseLogger - skip non existing resourceDirectory C:\Users\BisanCo\Desktop\java\springAssi\AssignmentHelloHuman\AssignmentHelloHuman\src\test\resources
2021-06-15 16:34:42,597 [Worker-16: Launching AssignmentHelloHuman - AssignmentHelloHumanApplication] INFO  o.e.m.c.i.embedder.EclipseLogger - Using 'UTF-8' encoding to copy filtered resources.
2021-06-15 16:34:42,598 [Worker-16: Launching AssignmentHelloHuman - AssignmentHelloHumanApplication] INFO  o.e.m.c.i.embedder.EclipseLogger - Using 'UTF-8' encoding to copy filtered properties files.
2021-06-15 16:34:42,600 [Worker-16: Launching AssignmentHelloHuman - AssignmentHelloHumanApplication] INFO  o.e.m.c.i.embedder.EclipseLogger - Copying 1 resource
2021-06-15 16:34:42,632 [Worker-16: Launching AssignmentHelloHuman - AssignmentHelloHumanApplication] INFO  o.e.m.c.i.embedder.EclipseLogger - Copying 0 resource
2021-06-15 16:34:42,638 [Worker-16: Launching AssignmentHelloHuman - AssignmentHelloHumanApplication] INFO  o.e.m.c.i.embedder.EclipseLogger - Using 'UTF-8' encoding to copy filtered resources.
2021-06-15 16:34:42,639 [Worker-16: Launching AssignmentHelloHuman - AssignmentHelloHumanApplication] INFO  o.e.m.c.i.embedder.EclipseLogger - Using 'UTF-8' encoding to copy filtered properties files.
2021-06-15 16:34:42,639 [Worker-16: Launching AssignmentHelloHuman - AssignmentHelloHumanApplication] INFO  o.e.m.c.i.embedder.EclipseLogger - skip non existing resourceDirectory C:\Users\BisanCo\Desktop\java\springAssi\AssignmentHelloHuman\AssignmentHelloHuman\src\test\resources
2021-06-15 16:37:59,463 [Worker-15: Launching AssignmentHelloHuman - AssignmentHelloHumanApplication] INFO  o.e.m.c.i.embedder.EclipseLogger - Using 'UTF-8' encoding to copy filtered resources.
2021-06-15 16:37:59,463 [Worker-15: Launching AssignmentHelloHuman - AssignmentHelloHumanApplication] INFO  o.e.m.c.i.embedder.EclipseLogger - Using 'UTF-8' encoding to copy filtered properties files.
2021-06-15 16:37:59,464 [Worker-15: Launching AssignmentHelloHuman - AssignmentHelloHumanApplication] INFO  o.e.m.c.i.embedder.EclipseLogger - Copying 1 resource
2021-06-15 16:37:59,489 [Worker-15: Launching AssignmentHelloHuman - AssignmentHelloHumanApplication] INFO  o.e.m.c.i.embedder.EclipseLogger - Copying 0 resource
2021-06-15 16:37:59,492 [Worker-15: Launching AssignmentHelloHuman - AssignmentHelloHumanApplication] INFO  o.e.m.c.i.embedder.EclipseLogger - Using 'UTF-8' encoding to copy filtered resources.
2021-06-15 16:37:59,492 [Worker-15: Launching AssignmentHelloHuman - AssignmentHelloHumanApplication] INFO  o.e.m.c.i.embedder.EclipseLogger - Using 'UTF-8' encoding to copy filtered properties files.
2021-06-15 16:37:59,492 [Worker-15: Launching AssignmentHelloHuman - AssignmentHelloHumanApplication] INFO  o.e.m.c.i.embedder.EclipseLogger - skip non existing resourceDirectory C:\Users\BisanCo\Desktop\java\springAssi\AssignmentHelloHuman\AssignmentHelloHuman\src\test\resources
2021-06-15 16:39:11,015 [Worker-2: Launching AssignmentHelloHuman - AssignmentHelloHumanApplication] INFO  o.e.m.c.i.embedder.EclipseLogger - Using 'UTF-8' encoding to copy filtered resources.
2021-06-15 16:39:11,015 [Worker-2: Launching AssignmentHelloHuman - AssignmentHelloHumanApplication] INFO  o.e.m.c.i.embedder.EclipseLogger - Using 'UTF-8' encoding to copy filtered properties files.
2021-06-15 16:39:11,016 [Worker-2: Launching AssignmentHelloHuman - AssignmentHelloHumanApplication] INFO  o.e.m.c.i.embedder.EclipseLogger - Copying 1 resource
2021-06-15 16:39:11,042 [Worker-2: Launching AssignmentHelloHuman - AssignmentHelloHumanApplication] INFO  o.e.m.c.i.embedder.EclipseLogger - Copying 0 resource
2021-06-15 16:39:11,046 [Worker-2: Launching AssignmentHelloHuman - AssignmentHelloHumanApplication] INFO  o.e.m.c.i.embedder.EclipseLogger - Using 'UTF-8' encoding to copy filtered resources.
2021-06-15 16:39:11,046 [Worker-2: Launching AssignmentHelloHuman - AssignmentHelloHumanApplication] INFO  o.e.m.c.i.embedder.EclipseLogger - Using 'UTF-8' encoding to copy filtered properties files.
2021-06-15 16:39:11,046 [Worker-2: Launching AssignmentHelloHuman - AssignmentHelloHumanApplication] INFO  o.e.m.c.i.embedder.EclipseLogger - skip non existing resourceDirectory C:\Users\BisanCo\Desktop\java\springAssi\AssignmentHelloHuman\AssignmentHelloHuman\src\test\resources
2021-06-15 16:39:47,033 [Worker-10: Launching AssignmentHelloHuman - AssignmentHelloHumanApplication] INFO  o.e.m.c.i.embedder.EclipseLogger - Using 'UTF-8' encoding to copy filtered resources.
2021-06-15 16:39:47,034 [Worker-10: Launching AssignmentHelloHuman - AssignmentHelloHumanApplication] INFO  o.e.m.c.i.embedder.EclipseLogger - Using 'UTF-8' encoding to copy filtered properties files.
2021-06-15 16:39:47,035 [Worker-10: Launching AssignmentHelloHuman - AssignmentHelloHumanApplication] INFO  o.e.m.c.i.embedder.EclipseLogger - Copying 1 resource
2021-06-15 16:39:47,059 [Worker-10: Launching AssignmentHelloHuman - AssignmentHelloHumanApplication] INFO  o.e.m.c.i.embedder.EclipseLogger - Copying 0 resource
2021-06-15 16:39:47,064 [Worker-10: Launching AssignmentHelloHuman - AssignmentHelloHumanApplication] INFO  o.e.m.c.i.embedder.EclipseLogger - Using 'UTF-8' encoding to copy filtered resources.
2021-06-15 16:39:47,065 [Worker-10: Launching AssignmentHelloHuman - AssignmentHelloHumanApplication] INFO  o.e.m.c.i.embedder.EclipseLogger - Using 'UTF-8' encoding to copy filtered properties files.
2021-06-15 16:39:47,065 [Worker-10: Launching AssignmentHelloHuman - AssignmentHelloHumanApplication] INFO  o.e.m.c.i.embedder.EclipseLogger - skip non existing resourceDirectory C:\Users\BisanCo\Desktop\java\springAssi\AssignmentHelloHuman\AssignmentHelloHuman\src\test\resources
2021-06-15 16:46:09,393 [Worker-22: Launching AssignmentHelloHuman - AssignmentHelloHumanApplication] INFO  o.e.m.c.i.embedder.EclipseLogger - Using 'UTF-8' encoding to copy filtered resources.
2021-06-15 16:46:09,393 [Worker-22: Launching AssignmentHelloHuman - AssignmentHelloHumanApplication] INFO  o.e.m.c.i.embedder.EclipseLogger - Using 'UTF-8' encoding to copy filtered properties files.
2021-06-15 16:46:09,395 [Worker-22: Launching AssignmentHelloHuman - AssignmentHelloHumanApplication] INFO  o.e.m.c.i.embedder.EclipseLogger - Copying 1 resource
2021-06-15 16:46:09,418 [Worker-22: Launching AssignmentHelloHuman - AssignmentHelloHumanApplication] INFO  o.e.m.c.i.embedder.EclipseLogger - Copying 0 resource
2021-06-15 16:46:09,419 [Worker-22: Launching AssignmentHelloHuman - AssignmentHelloHumanApplication] INFO  o.e.m.c.i.embedder.EclipseLogger - Using 'UTF-8' encoding to copy filtered resources.
2021-06-15 16:46:09,420 [Worker-22: Launching AssignmentHelloHuman - AssignmentHelloHumanApplication] INFO  o.e.m.c.i.embedder.EclipseLogger - Using 'UTF-8' encoding to copy filtered properties files.
2021-06-15 16:46:09,420 [Worker-22: Launching AssignmentHelloHuman - AssignmentHelloHumanApplication] INFO  o.e.m.c.i.embedder.EclipseLogger - skip non existing resourceDirectory C:\Users\BisanCo\Desktop\java\springAssi\AssignmentHelloHuman\AssignmentHelloHuman\src\test\resources
2021-06-15 17:00:57,261 [Worker-28: Launching AssignmentHelloHuman - AssignmentHelloHumanApplication] INFO  o.e.m.c.i.embedder.EclipseLogger - Using 'UTF-8' encoding to copy filtered resources.
2021-06-15 17:00:57,261 [Worker-28: Launching AssignmentHelloHuman - AssignmentHelloHumanApplication] INFO  o.e.m.c.i.embedder.EclipseLogger - Using 'UTF-8' encoding to copy filtered properties files.
2021-06-15 17:00:57,263 [Worker-28: Launching AssignmentHelloHuman - AssignmentHelloHumanApplication] INFO  o.e.m.c.i.embedder.EclipseLogger - Copying 1 resource
2021-06-15 17:00:57,335 [Worker-28: Launching AssignmentHelloHuman - AssignmentHelloHumanApplication] INFO  o.e.m.c.i.embedder.EclipseLogger - Copying 0 resource
2021-06-15 17:00:57,339 [Worker-28: Launching AssignmentHelloHuman - AssignmentHelloHumanApplication] INFO  o.e.m.c.i.embedder.EclipseLogger - Using 'UTF-8' encoding to copy filtered resources.
2021-06-15 17:00:57,339 [Worker-28: Launching AssignmentHelloHuman - AssignmentHelloHumanApplication] INFO  o.e.m.c.i.embedder.EclipseLogger - Using 'UTF-8' encoding to copy filtered properties files.
2021-06-15 17:00:57,339 [Worker-28: Launching AssignmentHelloHuman - AssignmentHelloHumanApplication] INFO  o.e.m.c.i.embedder.EclipseLogger - skip non existing resourceDirectory C:\Users\BisanCo\Desktop\java\springAssi\AssignmentHelloHuman\AssignmentHelloHuman\src\test\resources
2021-06-15 17:02:23,376 [Worker-27: Launching AssignmentHelloHuman - AssignmentHelloHumanApplication] INFO  o.e.m.c.i.embedder.EclipseLogger - Using 'UTF-8' encoding to copy filtered resources.
2021-06-15 17:02:23,376 [Worker-27: Launching AssignmentHelloHuman - AssignmentHelloHumanApplication] INFO  o.e.m.c.i.embedder.EclipseLogger - Using 'UTF-8' encoding to copy filtered properties files.
2021-06-15 17:02:23,378 [Worker-27: Launching AssignmentHelloHuman - AssignmentHelloHumanApplication] INFO  o.e.m.c.i.embedder.EclipseLogger - Copying 1 resource
2021-06-15 17:02:23,403 [Worker-27: Launching AssignmentHelloHuman - AssignmentHelloHumanApplication] INFO  o.e.m.c.i.embedder.EclipseLogger - Copying 0 resource
2021-06-15 17:02:23,408 [Worker-27: Launching AssignmentHelloHuman - AssignmentHelloHumanApplication] INFO  o.e.m.c.i.embedder.EclipseLogger - Using 'UTF-8' encoding to copy filtered resources.
2021-06-15 17:02:23,408 [Worker-27: Launching AssignmentHelloHuman - AssignmentHelloHumanApplication] INFO  o.e.m.c.i.embedder.EclipseLogger - Using 'UTF-8' encoding to copy filtered properties files.
2021-06-15 17:02:23,409 [Worker-27: Launching AssignmentHelloHuman - AssignmentHelloHumanApplication] INFO  o.e.m.c.i.embedder.EclipseLogger - skip non existing resourceDirectory C:\Users\BisanCo\Desktop\java\springAssi\AssignmentHelloHuman\AssignmentHelloHuman\src\test\resources
2021-06-15 17:03:17,980 [Worker-21: Launching AssignmentHelloHuman - AssignmentHelloHumanApplication] INFO  o.e.m.c.i.embedder.EclipseLogger - Using 'UTF-8' encoding to copy filtered resources.
2021-06-15 17:03:17,981 [Worker-21: Launching AssignmentHelloHuman - AssignmentHelloHumanApplication] INFO  o.e.m.c.i.embedder.EclipseLogger - Using 'UTF-8' encoding to copy filtered properties files.
2021-06-15 17:03:17,985 [Worker-21: Launching AssignmentHelloHuman - AssignmentHelloHumanApplication] INFO  o.e.m.c.i.embedder.EclipseLogger - Copying 1 resource
2021-06-15 17:03:18,037 [Worker-21: Launching AssignmentHelloHuman - AssignmentHelloHumanApplication] INFO  o.e.m.c.i.embedder.EclipseLogger - Copying 0 resource
2021-06-15 17:03:18,044 [Worker-21: Launching AssignmentHelloHuman - AssignmentHelloHumanApplication] INFO  o.e.m.c.i.embedder.EclipseLogger - Using 'UTF-8' encoding to copy filtered resources.
2021-06-15 17:03:18,044 [Worker-21: Launching AssignmentHelloHuman - AssignmentHelloHumanApplication] INFO  o.e.m.c.i.embedder.EclipseLogger - Using 'UTF-8' encoding to copy filtered properties files.
2021-06-15 17:03:18,044 [Worker-21: Launching AssignmentHelloHuman - AssignmentHelloHumanApplication] INFO  o.e.m.c.i.embedder.EclipseLogger - skip non existing resourceDirectory C:\Users\BisanCo\Desktop\java\springAssi\AssignmentHelloHuman\AssignmentHelloHuman\src\test\resources
2021-06-15 17:11:23,688 [Worker-38: Launching AssignmentHelloHuman - AssignmentHelloHumanApplication] INFO  o.e.m.c.i.embedder.EclipseLogger - Using 'UTF-8' encoding to copy filtered resources.
2021-06-15 17:11:23,689 [Worker-38: Launching AssignmentHelloHuman - AssignmentHelloHumanApplication] INFO  o.e.m.c.i.embedder.EclipseLogger - Using 'UTF-8' encoding to copy filtered properties files.
2021-06-15 17:11:23,690 [Worker-38: Launching AssignmentHelloHuman - AssignmentHelloHumanApplication] INFO  o.e.m.c.i.embedder.EclipseLogger - Copying 1 resource
2021-06-15 17:11:23,721 [Worker-38: Launching AssignmentHelloHuman - AssignmentHelloHumanApplication] INFO  o.e.m.c.i.embedder.EclipseLogger - Copying 0 resource
2021-06-15 17:11:23,724 [Worker-38: Launching AssignmentHelloHuman - AssignmentHelloHumanApplication] INFO  o.e.m.c.i.embedder.EclipseLogger - Using 'UTF-8' encoding to copy filtered resources.
2021-06-15 17:11:23,724 [Worker-38: Launching AssignmentHelloHuman - AssignmentHelloHumanApplication] INFO  o.e.m.c.i.embedder.EclipseLogger - Using 'UTF-8' encoding to copy filtered properties files.
2021-06-15 17:11:23,724 [Worker-38: Launching AssignmentHelloHuman - AssignmentHelloHumanApplication] INFO  o.e.m.c.i.embedder.EclipseLogger - skip non existing resourceDirectory C:\Users\BisanCo\Desktop\java\springAssi\AssignmentHelloHuman\AssignmentHelloHuman\src\test\resources
2021-06-15 17:14:00,478 [Worker-38: Launching AssignmentHelloHuman - AssignmentHelloHumanApplication] INFO  o.e.m.c.i.embedder.EclipseLogger - Using 'UTF-8' encoding to copy filtered resources.
2021-06-15 17:14:00,480 [Worker-38: Launching AssignmentHelloHuman - AssignmentHelloHumanApplication] INFO  o.e.m.c.i.embedder.EclipseLogger - Using 'UTF-8' encoding to copy filtered properties files.
2021-06-15 17:14:00,482 [Worker-38: Launching AssignmentHelloHuman - AssignmentHelloHumanApplication] INFO  o.e.m.c.i.embedder.EclipseLogger - Copying 1 resource
2021-06-15 17:14:00,524 [Worker-38: Launching AssignmentHelloHuman - AssignmentHelloHumanApplication] INFO  o.e.m.c.i.embedder.EclipseLogger - Copying 0 resource
2021-06-15 17:14:00,529 [Worker-38: Launching AssignmentHelloHuman - AssignmentHelloHumanApplication] INFO  o.e.m.c.i.embedder.EclipseLogger - Using 'UTF-8' encoding to copy filtered resources.
2021-06-15 17:14:00,529 [Worker-38: Launching AssignmentHelloHuman - AssignmentHelloHumanApplication] INFO  o.e.m.c.i.embedder.EclipseLogger - Using 'UTF-8' encoding to copy filtered properties files.
2021-06-15 17:14:00,529 [Worker-38: Launching AssignmentHelloHuman - AssignmentHelloHumanApplication] INFO  o.e.m.c.i.embedder.EclipseLogger - skip non existing resourceDirectory C:\Users\BisanCo\Desktop\java\springAssi\AssignmentHelloHuman\AssignmentHelloHuman\src\test\resources
2021-06-15 19:15:20,778 [Worker-46: Launching AssignmentHelloHuman - AssignmentHelloHumanApplication] INFO  o.e.m.c.i.embedder.EclipseLogger - Using 'UTF-8' encoding to copy filtered resources.
2021-06-15 19:15:20,779 [Worker-46: Launching AssignmentHelloHuman - AssignmentHelloHumanApplication] INFO  o.e.m.c.i.embedder.EclipseLogger - Using 'UTF-8' encoding to copy filtered properties files.
2021-06-15 19:15:20,780 [Worker-46: Launching AssignmentHelloHuman - AssignmentHelloHumanApplication] INFO  o.e.m.c.i.embedder.EclipseLogger - Copying 1 resource
2021-06-15 19:15:20,912 [Worker-46: Launching AssignmentHelloHuman - AssignmentHelloHumanApplication] INFO  o.e.m.c.i.embedder.EclipseLogger - Copying 0 resource
2021-06-15 19:15:20,918 [Worker-46: Launching AssignmentHelloHuman - AssignmentHelloHumanApplication] INFO  o.e.m.c.i.embedder.EclipseLogger - Using 'UTF-8' encoding to copy filtered resources.
2021-06-15 19:15:20,918 [Worker-46: Launching AssignmentHelloHuman - AssignmentHelloHumanApplication] INFO  o.e.m.c.i.embedder.EclipseLogger - Using 'UTF-8' encoding to copy filtered properties files.
2021-06-15 19:15:20,918 [Worker-46: Launching AssignmentHelloHuman - AssignmentHelloHumanApplication] INFO  o.e.m.c.i.embedder.EclipseLogger - skip non existing resourceDirectory C:\Users\BisanCo\Desktop\java\springAssi\AssignmentHelloHuman\AssignmentHelloHuman\src\test\resources
2021-06-15 19:16:28,135 [Worker-44: Launching AssignmentHelloHuman - AssignmentHelloHumanApplication] INFO  o.e.m.c.i.embedder.EclipseLogger - Using 'UTF-8' encoding to copy filtered resources.
2021-06-15 19:16:28,136 [Worker-44: Launching AssignmentHelloHuman - AssignmentHelloHumanApplication] INFO  o.e.m.c.i.embedder.EclipseLogger - Using 'UTF-8' encoding to copy filtered properties files.
2021-06-15 19:16:28,137 [Worker-44: Launching AssignmentHelloHuman - AssignmentHelloHumanApplication] INFO  o.e.m.c.i.embedder.EclipseLogger - Copying 1 resource
2021-06-15 19:16:28,158 [Worker-44: Launching AssignmentHelloHuman - AssignmentHelloHumanApplication] INFO  o.e.m.c.i.embedder.EclipseLogger - Copying 0 resource
2021-06-15 19:16:28,161 [Worker-44: Launching AssignmentHelloHuman - AssignmentHelloHumanApplication] INFO  o.e.m.c.i.embedder.EclipseLogger - Using 'UTF-8' encoding to copy filtered resources.
2021-06-15 19:16:28,162 [Worker-44: Launching AssignmentHelloHuman - AssignmentHelloHumanApplication] INFO  o.e.m.c.i.embedder.EclipseLogger - Using 'UTF-8' encoding to copy filtered properties files.
2021-06-15 19:16:28,162 [Worker-44: Launching AssignmentHelloHuman - AssignmentHelloHumanApplication] INFO  o.e.m.c.i.embedder.EclipseLogger - skip non existing resourceDirectory C:\Users\BisanCo\Desktop\java\springAssi\AssignmentHelloHuman\AssignmentHelloHuman\src\test\resources
2021-06-15 19:58:41,490 [Worker-4: Loading available Gradle versions] INFO  o.e.b.c.i.u.g.PublishedGradleVersions - Gradle version information cache is up-to-date. Trying to read.
